<?xml version="1.0" encoding="UTF-8"?>
<!-- Generated by org.testng.reporters.JUnitXMLReporter -->
<testsuite ignored="0" hostname="DESKTOP-8I30DAH" failures="0" tests="3" name="Default test" time="0.093" errors="0" timestamp="2022-02-16T22:21:02 IST">
  <testcase classname="TestNGextra.Priority" name="Subrat" time="0.013"/>
  <testcase classname="TestNGextra.Priority" name="Sonali" time="0.003"/>
  <testcase classname="TestNGextra.Priority" name="Jagadish" time="0.003"/>
</testsuite> <!-- Default test -->
